This file contains any messages produced by compilers while
running configure, to aid debugging if configure makes a mistake.

It was created by makedict configure 0.3alpha4, which was
generated by GNU Autoconf 2.59.  Invocation command line was

  $ ./configure --no-create --no-recursion

## --------- ##
## Platform. ##
## --------- ##

hostname = rain
uname -m = i686
uname -r = 2.6.18-rc5
uname -s = Linux
uname -v = #3 Tue Sep 5 22:41:34 MSD 2006

/usr/bin/uname -p = AMD Athlon(tm) XP 2600+
/bin/uname -X     = unknown

/bin/arch              = i686
/usr/bin/arch -k       = unknown
/usr/convex/getsysinfo = unknown
hostinfo               = unknown
/bin/machine           = unknown
/usr/bin/oslevel       = unknown
/bin/universe          = unknown

PATH: /usr/local/bin
PATH: /usr/bin
PATH: /bin
PATH: /opt/bin
PATH: /usr/i686-pc-linux-gnu/gcc-bin/4.1.1
PATH: /opt/intel/compiler70/ia32/bin
PATH: /opt/sun-jdk-1.4.2.10/bin
PATH: /opt/sun-jdk-1.4.2.10/jre/bin
PATH: /opt/sun-jdk-1.4.2.10/jre/javaws
PATH: /usr/kde/3.5/bin
PATH: /usr/qt/3/bin
PATH: /usr/qt/3-embedded/bin
PATH: /usr/games/bin
PATH: /opt/vmware/workstation/bin
PATH: /home/evgeniy/bin
PATH: .
PATH: /home/evgeniy/soft/bin
PATH: /home/evgeniy/test/bsp_not_official/bin


## ----------- ##
## Core tests. ##
## ----------- ##

configure:1354: checking whether to enable maintainer-specific portions of Makefiles
configure:1363: result: no
configure:1418: checking for a BSD-compatible install
configure:1473: result: /usr/bin/install -c
configure:1484: checking whether build environment is sane
configure:1527: result: yes
configure:1592: checking for gawk
configure:1608: found /usr/bin/gawk
configure:1618: result: gawk
configure:1628: checking whether make sets $(MAKE)
configure:1648: result: yes
configure:1865: checking for gcc
configure:1881: found /usr/bin/gcc
configure:1891: result: gcc
configure:2135: checking for C compiler version
configure:2138: gcc --version </dev/null >&5
gcc (GCC) 4.1.1 (Gentoo 4.1.1)
Copyright (C) 2006 Free Software Foundation, Inc.
This is free software; see the source for copying conditions.  There is NO
warranty; not even for MERCHANTABILITY or FITNESS FOR A PARTICULAR PURPOSE.

configure:2141: $? = 0
configure:2143: gcc -v </dev/null >&5
Using built-in specs.
Target: i686-pc-linux-gnu
Configured with: /var/tmp/portage/gcc-4.1.1/work/gcc-4.1.1/configure --prefix=/usr --bindir=/usr/i686-pc-linux-gnu/gcc-bin/4.1.1 --includedir=/usr/lib/gcc/i686-pc-linux-gnu/4.1.1/include --datadir=/usr/share/gcc-data/i686-pc-linux-gnu/4.1.1 --mandir=/usr/share/gcc-data/i686-pc-linux-gnu/4.1.1/man --infodir=/usr/share/gcc-data/i686-pc-linux-gnu/4.1.1/info --with-gxx-include-dir=/usr/lib/gcc/i686-pc-linux-gnu/4.1.1/include/g++-v4 --host=i686-pc-linux-gnu --build=i686-pc-linux-gnu --disable-altivec --enable-nls --without-included-gettext --with-system-zlib --disable-checking --disable-werror --disable-libunwind-exceptions --disable-multilib --disable-libmudflap --disable-libssp --disable-libgcj --enable-languages=c,c++,fortran --enable-shared --enable-threads=posix --enable-__cxa_atexit --enable-clocale=gnu
Thread model: posix
gcc version 4.1.1 (Gentoo 4.1.1)
configure:2146: $? = 0
configure:2148: gcc -V </dev/null >&5
gcc: '-V' option must have argument
configure:2151: $? = 1
configure:2174: checking for C compiler default output file name
configure:2177: gcc    conftest.c  >&5
configure:2180: $? = 0
configure:2226: result: a.out
configure:2231: checking whether the C compiler works
configure:2237: ./a.out
configure:2240: $? = 0
configure:2257: result: yes
configure:2264: checking whether we are cross compiling
configure:2266: result: no
configure:2269: checking for suffix of executables
configure:2271: gcc -o conftest    conftest.c  >&5
configure:2274: $? = 0
configure:2299: result: 
configure:2305: checking for suffix of object files
configure:2326: gcc -c   conftest.c >&5
configure:2329: $? = 0
configure:2351: result: o
configure:2355: checking whether we are using the GNU C compiler
configure:2379: gcc -c   conftest.c >&5
configure:2385: $? = 0
configure:2389: test -z 
			 || test ! -s conftest.err
configure:2392: $? = 0
configure:2395: test -s conftest.o
configure:2398: $? = 0
configure:2411: result: yes
configure:2417: checking whether gcc accepts -g
configure:2438: gcc -c -g  conftest.c >&5
configure:2444: $? = 0
configure:2448: test -z 
			 || test ! -s conftest.err
configure:2451: $? = 0
configure:2454: test -s conftest.o
configure:2457: $? = 0
configure:2468: result: yes
configure:2485: checking for gcc option to accept ANSI C
configure:2555: gcc  -c -g -O2  conftest.c >&5
configure:2561: $? = 0
configure:2565: test -z 
			 || test ! -s conftest.err
configure:2568: $? = 0
configure:2571: test -s conftest.o
configure:2574: $? = 0
configure:2592: result: none needed
configure:2610: gcc -c -g -O2  conftest.c >&5
conftest.c:2: error: expected '=', ',', ';', 'asm' or '__attribute__' before 'me'
configure:2616: $? = 1
configure: failed program was:
| #ifndef __cplusplus
|   choke me
| #endif
configure:2760: checking for style of include used by make
configure:2788: result: GNU
configure:2816: checking dependency style of gcc
configure:2906: result: gcc3
configure:2928: checking how to run the C preprocessor
configure:2963: gcc -E  conftest.c
configure:2969: $? = 0
configure:3001: gcc -E  conftest.c
conftest.c:11:28: error: ac_nonexistent.h: No such file or directory
configure:3007: $? = 1
configure: failed program was:
| /* confdefs.h.  */
| 
| #define PACKAGE_NAME "makedict"
| #define PACKAGE_TARNAME "makedict"
| #define PACKAGE_VERSION "0.3alpha4"
| #define PACKAGE_STRING "makedict 0.3alpha4"
| #define PACKAGE_BUGREPORT "dushistov@mail.ru"
| #define PACKAGE "makedict"
| #define VERSION "0.3alpha4"
| /* end confdefs.h.  */
| #include <ac_nonexistent.h>
configure:3046: result: gcc -E
configure:3070: gcc -E  conftest.c
configure:3076: $? = 0
configure:3108: gcc -E  conftest.c
conftest.c:11:28: error: ac_nonexistent.h: No such file or directory
configure:3114: $? = 1
configure: failed program was:
| /* confdefs.h.  */
| 
| #define PACKAGE_NAME "makedict"
| #define PACKAGE_TARNAME "makedict"
| #define PACKAGE_VERSION "0.3alpha4"
| #define PACKAGE_STRING "makedict 0.3alpha4"
| #define PACKAGE_BUGREPORT "dushistov@mail.ru"
| #define PACKAGE "makedict"
| #define VERSION "0.3alpha4"
| /* end confdefs.h.  */
| #include <ac_nonexistent.h>
configure:3209: checking for g++
configure:3225: found /usr/bin/g++
configure:3235: result: g++
configure:3251: checking for C++ compiler version
configure:3254: g++ --version </dev/null >&5
g++ (GCC) 4.1.1 (Gentoo 4.1.1)
Copyright (C) 2006 Free Software Foundation, Inc.
This is free software; see the source for copying conditions.  There is NO
warranty; not even for MERCHANTABILITY or FITNESS FOR A PARTICULAR PURPOSE.

configure:3257: $? = 0
configure:3259: g++ -v </dev/null >&5
Using built-in specs.
Target: i686-pc-linux-gnu
Configured with: /var/tmp/portage/gcc-4.1.1/work/gcc-4.1.1/configure --prefix=/usr --bindir=/usr/i686-pc-linux-gnu/gcc-bin/4.1.1 --includedir=/usr/lib/gcc/i686-pc-linux-gnu/4.1.1/include --datadir=/usr/share/gcc-data/i686-pc-linux-gnu/4.1.1 --mandir=/usr/share/gcc-data/i686-pc-linux-gnu/4.1.1/man --infodir=/usr/share/gcc-data/i686-pc-linux-gnu/4.1.1/info --with-gxx-include-dir=/usr/lib/gcc/i686-pc-linux-gnu/4.1.1/include/g++-v4 --host=i686-pc-linux-gnu --build=i686-pc-linux-gnu --disable-altivec --enable-nls --without-included-gettext --with-system-zlib --disable-checking --disable-werror --disable-libunwind-exceptions --disable-multilib --disable-libmudflap --disable-libssp --disable-libgcj --enable-languages=c,c++,fortran --enable-shared --enable-threads=posix --enable-__cxa_atexit --enable-clocale=gnu
Thread model: posix
gcc version 4.1.1 (Gentoo 4.1.1)
configure:3262: $? = 0
configure:3264: g++ -V </dev/null >&5
g++: '-V' option must have argument
configure:3267: $? = 1
configure:3270: checking whether we are using the GNU C++ compiler
configure:3294: g++ -c   conftest.cc >&5
configure:3300: $? = 0
configure:3304: test -z 
			 || test ! -s conftest.err
configure:3307: $? = 0
configure:3310: test -s conftest.o
configure:3313: $? = 0
configure:3326: result: yes
configure:3332: checking whether g++ accepts -g
configure:3353: g++ -c -g  conftest.cc >&5
configure:3359: $? = 0
configure:3363: test -z 
			 || test ! -s conftest.err
configure:3366: $? = 0
configure:3369: test -s conftest.o
configure:3372: $? = 0
configure:3383: result: yes
configure:3425: g++ -c -g -O2  conftest.cc >&5
configure:3431: $? = 0
configure:3435: test -z 
			 || test ! -s conftest.err
configure:3438: $? = 0
configure:3441: test -s conftest.o
configure:3444: $? = 0
configure:3470: g++ -c -g -O2  conftest.cc >&5
conftest.cc: In function 'int main()':
conftest.cc:15: error: 'exit' was not declared in this scope
configure:3476: $? = 1
configure: failed program was:
| /* confdefs.h.  */
| 
| #define PACKAGE_NAME "makedict"
| #define PACKAGE_TARNAME "makedict"
| #define PACKAGE_VERSION "0.3alpha4"
| #define PACKAGE_STRING "makedict 0.3alpha4"
| #define PACKAGE_BUGREPORT "dushistov@mail.ru"
| #define PACKAGE "makedict"
| #define VERSION "0.3alpha4"
| /* end confdefs.h.  */
| 
| int
| main ()
| {
| exit (42);
|   ;
|   return 0;
| }
configure:3425: g++ -c -g -O2  conftest.cc >&5
configure:3431: $? = 0
configure:3435: test -z 
			 || test ! -s conftest.err
configure:3438: $? = 0
configure:3441: test -s conftest.o
configure:3444: $? = 0
configure:3470: g++ -c -g -O2  conftest.cc >&5
configure:3476: $? = 0
configure:3480: test -z 
			 || test ! -s conftest.err
configure:3483: $? = 0
configure:3486: test -s conftest.o
configure:3489: $? = 0
configure:3514: checking dependency style of g++
configure:3604: result: gcc3
configure:3632: checking how to run the C++ preprocessor
configure:3663: g++ -E  conftest.cc
configure:3669: $? = 0
configure:3701: g++ -E  conftest.cc
conftest.cc:14:28: error: ac_nonexistent.h: No such file or directory
configure:3707: $? = 1
configure: failed program was:
| /* confdefs.h.  */
| 
| #define PACKAGE_NAME "makedict"
| #define PACKAGE_TARNAME "makedict"
| #define PACKAGE_VERSION "0.3alpha4"
| #define PACKAGE_STRING "makedict 0.3alpha4"
| #define PACKAGE_BUGREPORT "dushistov@mail.ru"
| #define PACKAGE "makedict"
| #define VERSION "0.3alpha4"
| #ifdef __cplusplus
| extern "C" void std::exit (int) throw (); using std::exit;
| #endif
| /* end confdefs.h.  */
| #include <ac_nonexistent.h>
configure:3746: result: g++ -E
configure:3770: g++ -E  conftest.cc
configure:3776: $? = 0
configure:3808: g++ -E  conftest.cc
conftest.cc:14:28: error: ac_nonexistent.h: No such file or directory
configure:3814: $? = 1
configure: failed program was:
| /* confdefs.h.  */
| 
| #define PACKAGE_NAME "makedict"
| #define PACKAGE_TARNAME "makedict"
| #define PACKAGE_VERSION "0.3alpha4"
| #define PACKAGE_STRING "makedict 0.3alpha4"
| #define PACKAGE_BUGREPORT "dushistov@mail.ru"
| #define PACKAGE "makedict"
| #define VERSION "0.3alpha4"
| #ifdef __cplusplus
| extern "C" void std::exit (int) throw (); using std::exit;
| #endif
| /* end confdefs.h.  */
| #include <ac_nonexistent.h>
configure:3857: checking whether make sets $(MAKE)
configure:3877: result: yes
configure:3927: checking for ranlib
configure:3943: found /usr/bin/ranlib
configure:3954: result: ranlib
configure:3976: checking for python
configure:3994: found /usr/bin/python
configure:4006: result: /usr/bin/python
configure:4028: checking for python version
configure:4035: result: 2.4
configure:4047: checking for python platform
configure:4054: result: linux2
configure:4061: checking for python script directory
configure:4069: result: ${prefix}/lib/python2.4/site-packages
configure:4078: checking for python extension module directory
configure:4086: result: ${exec_prefix}/lib/python2.4/site-packages
configure:4109: checking for egrep
configure:4119: result: grep -E
configure:4124: checking for ANSI C header files
configure:4149: g++ -c -g -O2  conftest.cc >&5
configure:4155: $? = 0
configure:4159: test -z 
			 || test ! -s conftest.err
configure:4162: $? = 0
configure:4165: test -s conftest.o
configure:4168: $? = 0
configure:4257: g++ -o conftest -g -O2   conftest.cc  >&5
configure:4260: $? = 0
configure:4262: ./conftest
configure:4265: $? = 0
configure:4280: result: yes
configure:4304: checking for sys/types.h
configure:4320: g++ -c -g -O2  conftest.cc >&5
configure:4326: $? = 0
configure:4330: test -z 
			 || test ! -s conftest.err
configure:4333: $? = 0
configure:4336: test -s conftest.o
configure:4339: $? = 0
configure:4350: result: yes
configure:4304: checking for sys/stat.h
configure:4320: g++ -c -g -O2  conftest.cc >&5
configure:4326: $? = 0
configure:4330: test -z 
			 || test ! -s conftest.err
configure:4333: $? = 0
configure:4336: test -s conftest.o
configure:4339: $? = 0
configure:4350: result: yes
configure:4304: checking for stdlib.h
configure:4320: g++ -c -g -O2  conftest.cc >&5
configure:4326: $? = 0
configure:4330: test -z 
			 || test ! -s conftest.err
configure:4333: $? = 0
configure:4336: test -s conftest.o
configure:4339: $? = 0
configure:4350: result: yes
configure:4304: checking for string.h
configure:4320: g++ -c -g -O2  conftest.cc >&5
configure:4326: $? = 0
configure:4330: test -z 
			 || test ! -s conftest.err
configure:4333: $? = 0
configure:4336: test -s conftest.o
configure:4339: $? = 0
configure:4350: result: yes
configure:4304: checking for memory.h
configure:4320: g++ -c -g -O2  conftest.cc >&5
configure:4326: $? = 0
configure:4330: test -z 
			 || test ! -s conftest.err
configure:4333: $? = 0
configure:4336: test -s conftest.o
configure:4339: $? = 0
configure:4350: result: yes
configure:4304: checking for strings.h
configure:4320: g++ -c -g -O2  conftest.cc >&5
configure:4326: $? = 0
configure:4330: test -z 
			 || test ! -s conftest.err
configure:4333: $? = 0
configure:4336: test -s conftest.o
configure:4339: $? = 0
configure:4350: result: yes
configure:4304: checking for inttypes.h
configure:4320: g++ -c -g -O2  conftest.cc >&5
configure:4326: $? = 0
configure:4330: test -z 
			 || test ! -s conftest.err
configure:4333: $? = 0
configure:4336: test -s conftest.o
configure:4339: $? = 0
configure:4350: result: yes
configure:4304: checking for stdint.h
configure:4320: g++ -c -g -O2  conftest.cc >&5
configure:4326: $? = 0
configure:4330: test -z 
			 || test ! -s conftest.err
configure:4333: $? = 0
configure:4336: test -s conftest.o
configure:4339: $? = 0
configure:4350: result: yes
configure:4304: checking for unistd.h
configure:4320: g++ -c -g -O2  conftest.cc >&5
configure:4326: $? = 0
configure:4330: test -z 
			 || test ! -s conftest.err
configure:4333: $? = 0
configure:4336: test -s conftest.o
configure:4339: $? = 0
configure:4350: result: yes
configure:4368: checking for stdlib.h
configure:4373: result: yes
configure:4368: checking for unistd.h
configure:4373: result: yes
configure:4517: checking for getpagesize
configure:4574: g++ -o conftest -g -O2   conftest.cc  >&5
configure:4580: $? = 0
configure:4584: test -z 
			 || test ! -s conftest.err
configure:4587: $? = 0
configure:4590: test -s conftest
configure:4593: $? = 0
configure:4605: result: yes
configure:4615: checking for working mmap
configure:4757: g++ -o conftest -g -O2   conftest.cc  >&5
configure:4760: $? = 0
configure:4762: ./conftest
configure:4765: $? = 0
configure:4779: result: yes
configure:4791: checking for zlibVersion in -lz
configure:4821: g++ -o conftest -g -O2   conftest.cc -lz   >&5
configure:4827: $? = 0
configure:4831: test -z 
			 || test ! -s conftest.err
configure:4834: $? = 0
configure:4837: test -s conftest
configure:4840: $? = 0
configure:4853: result: yes
configure:4915: checking for pkg-config
configure:4933: found /usr/bin/pkg-config
configure:4945: result: /usr/bin/pkg-config
configure:4960: checking pkg-config is at least version 0.9.0
configure:4963: result: yes
configure:4974: checking for MAKEDICT
configure:4982: $PKG_CONFIG --exists --print-errors "glib-2.0 >= 2.6.0"
configure:4985: $? = 0
configure:5000: $PKG_CONFIG --exists --print-errors "glib-2.0 >= 2.6.0"
configure:5003: $? = 0
configure:5079: result: yes
configure:5110: checking for XML_ParserCreate in -lexpat
configure:5140: g++ -o conftest -g -O2   conftest.cc -lexpat   -lz >&5
configure:5146: $? = 0
configure:5150: test -z 
			 || test ! -s conftest.err
configure:5153: $? = 0
configure:5156: test -s conftest
configure:5159: $? = 0
configure:5172: result: yes
configure:5202: checking expat.h usability
configure:5214: g++ -c -g -O2  conftest.cc >&5
configure:5220: $? = 0
configure:5224: test -z 
			 || test ! -s conftest.err
configure:5227: $? = 0
configure:5230: test -s conftest.o
configure:5233: $? = 0
configure:5243: result: yes
configure:5247: checking expat.h presence
configure:5257: g++ -E  conftest.cc
configure:5263: $? = 0
configure:5283: result: yes
configure:5318: checking for expat.h
configure:5325: result: yes
configure:5488: creating ./config.status

## ---------------- ##
## Cache variables. ##
## ---------------- ##

ac_cv_c_compiler_gnu=yes
ac_cv_cxx_compiler_gnu=yes
ac_cv_env_CC_set=
ac_cv_env_CC_value=
ac_cv_env_CFLAGS_set=
ac_cv_env_CFLAGS_value=
ac_cv_env_CPPFLAGS_set=
ac_cv_env_CPPFLAGS_value=
ac_cv_env_CPP_set=
ac_cv_env_CPP_value=
ac_cv_env_CXXCPP_set=
ac_cv_env_CXXCPP_value=
ac_cv_env_CXXFLAGS_set=
ac_cv_env_CXXFLAGS_value=
ac_cv_env_CXX_set=
ac_cv_env_CXX_value=
ac_cv_env_LDFLAGS_set=
ac_cv_env_LDFLAGS_value=
ac_cv_env_MAKEDICT_CFLAGS_set=
ac_cv_env_MAKEDICT_CFLAGS_value=
ac_cv_env_MAKEDICT_LIBS_set=
ac_cv_env_MAKEDICT_LIBS_value=
ac_cv_env_PKG_CONFIG_set=
ac_cv_env_PKG_CONFIG_value=
ac_cv_env_build_alias_set=
ac_cv_env_build_alias_value=
ac_cv_env_host_alias_set=
ac_cv_env_host_alias_value=
ac_cv_env_target_alias_set=
ac_cv_env_target_alias_value=
ac_cv_exeext=
ac_cv_func_getpagesize=yes
ac_cv_func_mmap_fixed_mapped=yes
ac_cv_header_expat_h=yes
ac_cv_header_inttypes_h=yes
ac_cv_header_memory_h=yes
ac_cv_header_stdc=yes
ac_cv_header_stdint_h=yes
ac_cv_header_stdlib_h=yes
ac_cv_header_string_h=yes
ac_cv_header_strings_h=yes
ac_cv_header_sys_stat_h=yes
ac_cv_header_sys_types_h=yes
ac_cv_header_unistd_h=yes
ac_cv_lib_expat_XML_ParserCreate=yes
ac_cv_lib_z_zlibVersion=yes
ac_cv_objext=o
ac_cv_path_PYTHON=/usr/bin/python
ac_cv_path_ac_pt_PKG_CONFIG=/usr/bin/pkg-config
ac_cv_path_install='/usr/bin/install -c'
ac_cv_prog_AWK=gawk
ac_cv_prog_CPP='gcc -E'
ac_cv_prog_CXXCPP='g++ -E'
ac_cv_prog_ac_ct_CC=gcc
ac_cv_prog_ac_ct_CXX=g++
ac_cv_prog_ac_ct_RANLIB=ranlib
ac_cv_prog_cc_g=yes
ac_cv_prog_cc_stdc=
ac_cv_prog_cxx_g=yes
ac_cv_prog_egrep='grep -E'
ac_cv_prog_make_make_set=yes
am_cv_CC_dependencies_compiler_type=gcc3
am_cv_CXX_dependencies_compiler_type=gcc3
am_cv_python_platform=linux2
am_cv_python_pyexecdir='${exec_prefix}/lib/python2.4/site-packages'
am_cv_python_pythondir='${prefix}/lib/python2.4/site-packages'
am_cv_python_version=2.4
pkg_cv_MAKEDICT_CFLAGS='-I/usr/include/glib-2.0 -I/usr/lib/glib-2.0/include  '
pkg_cv_MAKEDICT_LIBS='-lglib-2.0  '

## ----------------- ##
## Output variables. ##
## ----------------- ##

ACLOCAL='${SHELL} /home/evgeniy/projects/sdcv-project/makedict/trunk/missing --run aclocal-1.9'
AMDEPBACKSLASH='\'
AMDEP_FALSE='#'
AMDEP_TRUE=''
AMTAR='${SHELL} /home/evgeniy/projects/sdcv-project/makedict/trunk/missing --run tar'
AUTOCONF='${SHELL} /home/evgeniy/projects/sdcv-project/makedict/trunk/missing --run autoconf'
AUTOHEADER='${SHELL} /home/evgeniy/projects/sdcv-project/makedict/trunk/missing --run autoheader'
AUTOMAKE='${SHELL} /home/evgeniy/projects/sdcv-project/makedict/trunk/missing --run automake-1.9'
AWK='gawk'
CC='gcc'
CCDEPMODE='depmode=gcc3'
CFLAGS='-g -O2'
CPP='gcc -E'
CPPFLAGS=''
CXX='g++'
CXXCPP='g++ -E'
CXXDEPMODE='depmode=gcc3'
CXXFLAGS='-g -O2'
CYGPATH_W='echo'
DEFS='-DHAVE_CONFIG_H'
DEPDIR='.deps'
ECHO_C=''
ECHO_N='-n'
ECHO_T=''
EGREP='grep -E'
EXEEXT=''
EXPAT_CFLAGS=''
EXPAT_INSTALLED_FALSE='#'
EXPAT_INSTALLED_TRUE=''
EXPAT_LIBS=' -lexpat'
INSTALL_DATA='${INSTALL} -m 644'
INSTALL_PROGRAM='${INSTALL}'
INSTALL_SCRIPT='${INSTALL}'
INSTALL_STRIP_PROGRAM='${SHELL} $(install_sh) -c -s'
LDFLAGS=''
LIBOBJS=''
LIBS=' -lz'
LTLIBOBJS=''
MAINT='#'
MAINTAINER_MODE_FALSE=''
MAINTAINER_MODE_TRUE='#'
MAKEDICT_CFLAGS='-Wall  -I/usr/include/glib-2.0 -I/usr/lib/glib-2.0/include  '
MAKEDICT_LIBS='-Wall  -lexpat -lglib-2.0  '
MAKEINFO='${SHELL} /home/evgeniy/projects/sdcv-project/makedict/trunk/missing --run makeinfo'
OBJEXT='o'
PACKAGE='makedict'
PACKAGE_BUGREPORT='dushistov@mail.ru'
PACKAGE_NAME='makedict'
PACKAGE_STRING='makedict 0.3alpha4'
PACKAGE_TARNAME='makedict'
PACKAGE_VERSION='0.3alpha4'
PATH_SEPARATOR=':'
PKG_CONFIG='/usr/bin/pkg-config'
PYTHON='/usr/bin/python'
PYTHON_EXEC_PREFIX='${exec_prefix}'
PYTHON_PLATFORM='linux2'
PYTHON_PREFIX='${prefix}'
PYTHON_VERSION='2.4'
RANLIB='ranlib'
SET_MAKE=''
SHELL='/bin/sh'
STRIP=''
VERSION='0.3alpha4'
ac_ct_CC='gcc'
ac_ct_CXX='g++'
ac_ct_RANLIB='ranlib'
ac_ct_STRIP=''
ac_pt_PKG_CONFIG='/usr/bin/pkg-config'
am__fastdepCC_FALSE='#'
am__fastdepCC_TRUE=''
am__fastdepCXX_FALSE='#'
am__fastdepCXX_TRUE=''
am__include='include'
am__leading_dot='.'
am__quote=''
am__tar='${AMTAR} chof - "$$tardir"'
am__untar='${AMTAR} xf -'
bindir='${exec_prefix}/bin'
build_alias=''
datadir='${prefix}/share'
exec_prefix='${prefix}'
host_alias=''
includedir='${prefix}/include'
infodir='${prefix}/info'
install_sh='/home/evgeniy/projects/sdcv-project/makedict/trunk/install-sh'
libdir='${exec_prefix}/lib'
libexecdir='${exec_prefix}/libexec'
localstatedir='${prefix}/var'
mandir='${prefix}/man'
mkdir_p='mkdir -p --'
oldincludedir='/usr/include'
pkgpyexecdir='${pyexecdir}/makedict'
pkgpythondir='${pythondir}/makedict'
prefix='/usr/local'
program_transform_name='s,x,x,'
pyexecdir='${exec_prefix}/lib/python2.4/site-packages'
pythondir='${prefix}/lib/python2.4/site-packages'
sbindir='${exec_prefix}/sbin'
sharedstatedir='${prefix}/com'
sysconfdir='${prefix}/etc'
target_alias=''

## ----------- ##
## confdefs.h. ##
## ----------- ##

#define HAVE_EXPAT_H 1
#define HAVE_GETPAGESIZE 1
#define HAVE_INTTYPES_H 1
#define HAVE_MEMORY_H 1
#define HAVE_MMAP 1
#define HAVE_STDINT_H 1
#define HAVE_STDLIB_H 1
#define HAVE_STDLIB_H 1
#define HAVE_STRINGS_H 1
#define HAVE_STRING_H 1
#define HAVE_SYS_STAT_H 1
#define HAVE_SYS_TYPES_H 1
#define HAVE_UNISTD_H 1
#define HAVE_UNISTD_H 1
#define PACKAGE "makedict"
#define PACKAGE_BUGREPORT "dushistov@mail.ru"
#define PACKAGE_NAME "makedict"
#define PACKAGE_STRING "makedict 0.3alpha4"
#define PACKAGE_TARNAME "makedict"
#define PACKAGE_VERSION "0.3alpha4"
#define STDC_HEADERS 1
#define VERSION "0.3alpha4"
#endif
#ifdef __cplusplus
extern "C" void std::exit (int) throw (); using std::exit;

configure: exit 0

## ---------------------- ##
## Running config.status. ##
## ---------------------- ##

This file was extended by makedict config.status 0.3alpha4, which was
generated by GNU Autoconf 2.59.  Invocation command line was

  CONFIG_FILES    = 
  CONFIG_HEADERS  = 
  CONFIG_LINKS    = 
  CONFIG_COMMANDS = 
  $ ./config.status 

on rain

config.status:723: creating Makefile
config.status:723: creating m4/Makefile
config.status:723: creating src/Makefile
config.status:723: creating tests/Makefile
config.status:723: creating tests/dtd/Makefile
config.status:723: creating tests/sample-dicts/Makefile
config.status:827: creating config.h
config.status:943: config.h is unchanged
config.status:1123: executing depfiles commands
